2019-07-30 23:19:48 [main] INFO  ATM_Machine:141 - User Entered Pin !!!
2019-07-30 23:30:31 [main] INFO  ATM_Machine:141 - User Entered Pin !!!
2019-07-30 23:32:33 [main] INFO  ATM_Machine:141 - User Entered Pin !!!
2019-07-30 23:33:39 [main] INFO  ATM_Machine:141 - User Entered Pin !!!
2019-07-30 23:34:03 [main] INFO  ATM_Machine:141 - User Entered Pin !!!
2019-07-30 23:39:33 [main] INFO  ATM_Machine:141 - User Entered Pin !!!
2019-07-30 23:39:36 [main] INFO  ATM_Machine:259 - User selected Enquiry
2019-07-30 23:39:41 [main] INFO  ATM_Machine:263 - User selected Withdrawal
2019-07-31 11:00:54 [main] INFO  MyLog:139 - User Entered Pin !!!
2019-07-31 11:23:40 [main] INFO  MyLog:139 - User Entered Pin !!!
2019-07-31 11:23:42 [main] INFO  MyLog:175 - User Logged in
2019-07-31 11:23:45 [main] INFO  MyLog:257 - User selected Enquiry
2019-07-31 12:10:26 [main] INFO  ATM_Machine:140 - User Entered Pin !!!
2019-07-31 12:10:56 [main] INFO  ATM_Machine:140 - User Entered Pin !!!
2019-07-31 12:10:58 [main] INFO  ATM_Machine:176 - User Logged in
2019-07-31 12:11:00 [main] INFO  ATM_Machine:258 - User selected Enquiry
2019-07-31 12:11:00 [main] INFO  MyLog:46 - Receipt printed
2019-07-31 12:50:38 [main] INFO  ATM_Machine:141 - User Entered Pin !!!
2019-07-31 12:50:39 [main] INFO  ATM_Machine:177 - User Logged in
2019-07-31 12:50:43 [main] INFO  ATM_Machine:259 - 1212123456 selected Enquiry
2019-07-31 12:50:44 [main] INFO  Receipt:46 - Receipt printed
2019-07-31 12:50:53 [main] INFO  ATM_Machine:282 - 1212123456 logged out
2019-07-31 15:50:57 [main] INFO  ATM_Machine:136 - Card number Entered
2019-07-31 15:56:08 [main] INFO  ATM_Machine:136 - Card number Entered
2019-07-31 15:56:30 [main] INFO  ATM_Machine:141 - User Entered Pin
2019-07-31 15:56:32 [main] INFO  ATM_Machine:136 - Card number Entered
2019-07-31 15:57:29 [main] INFO  ATM_Machine:141 - User Entered Pin
2019-07-31 15:57:29 [main] INFO  ATM_Machine:136 - Card number Entered
2019-07-31 15:58:00 [main] INFO  ATM_Machine:141 - User Entered Pin
2019-07-31 15:58:02 [main] INFO  ATM_Machine:177 - 1212123456 Logged in
2019-07-31 15:58:09 [main] INFO  ATM_Machine:267 - 1212123456 selected transfer
2019-07-31 16:03:03 [main] INFO  ATM_Machine:136 - Card number Entered
2019-07-31 16:03:18 [main] INFO  ATM_Machine:141 - User Entered Pin
2019-07-31 16:03:20 [main] INFO  ATM_Machine:136 - Card number Entered
2019-07-31 16:05:31 [main] INFO  ATM_Machine:141 - User Entered Pin
2019-07-31 16:05:32 [main] INFO  ATM_Machine:177 - 1212123456 Logged in
2019-07-31 16:05:35 [main] INFO  ATM_Machine:267 - 1212123456 selected transfer
2019-07-31 16:07:59 [main] INFO  ATM_Machine:136 - Card number Entered
2019-07-31 16:11:25 [main] INFO  ATM_Machine:136 - Card number Entered
2019-07-31 16:11:25 [main] INFO  ATM_Machine:136 - Card number Entered
2019-07-31 16:17:18 [main] INFO  ATM_Machine:136 - Card number Entered
2019-07-31 16:17:30 [main] INFO  ATM_Machine:141 - User Entered Pin
2019-07-31 16:17:32 [main] INFO  ATM_Machine:177 - 1212123456 Logged in
2019-07-31 16:17:34 [main] INFO  ATM_Machine:267 - 1212123456 selected transfer
2019-07-31 16:19:10 [main] INFO  ATM_Machine:136 - Card number Entered
2019-07-31 16:25:50 [main] INFO  ATM_Machine:136 - Card number Entered
2019-07-31 16:26:25 [main] INFO  ATM_Machine:136 - Card number Entered
2019-07-31 16:26:38 [main] INFO  ATM_Machine:136 - Card number Entered
2019-07-31 16:26:49 [main] INFO  ATM_Machine:141 - User Entered Pin
2019-07-31 16:26:50 [main] INFO  ATM_Machine:177 - 1212123456 Logged in
2019-07-31 16:26:55 [main] INFO  ATM_Machine:267 - 1212123456 selected transfer
2019-07-31 16:26:59 [main] DEBUG MoneyTransfer:48 - 1212123456Overflow Error
2019-07-31 16:26:59 [main] INFO  MoneyTransfer:49 - overflow error
2019-07-31 16:27:09 [main] INFO  ATM_Machine:136 - Card number Entered
2019-07-31 16:27:14 [main] DEBUG ATM_Machine:233 - null Invalid cardjava.util.NoSuchElementException: No line found
2019-07-31 16:27:14 [main] INFO  ATM_Machine:136 - Card number Entered
2019-07-31 16:27:14 [main] DEBUG ATM_Machine:233 - null Invalid cardjava.util.NoSuchElementException: No line found
2019-07-31 16:27:14 [main] INFO  ATM_Machine:136 - Card number Entered
2019-07-31 17:09:45 [main] INFO  ATM_Machine:136 - Card number Entered
2019-07-31 17:09:56 [main] DEBUG ATM_Machine:233 - null Invalid cardjava.util.NoSuchElementException: No line found
2019-07-31 17:09:56 [main] INFO  ATM_Machine:136 - Card number Entered
2019-07-31 17:09:56 [main] DEBUG ATM_Machine:233 - null Invalid cardjava.util.NoSuchElementException: No line found
2019-07-31 17:47:28 [main] INFO  ATM_Machine:136 - Card number Entered
2019-07-31 17:47:40 [main] INFO  ATM_Machine:141 - User Entered Pin
2019-07-31 17:47:42 [main] INFO  ATM_Machine:136 - Card number Entered
2019-07-31 18:34:10 [main] DEBUG ATM_Machine:233 - null Invalid cardjava.util.NoSuchElementException: No line found
2019-07-31 18:34:10 [main] INFO  ATM_Machine:136 - Card number Entered
2019-07-31 18:34:10 [main] DEBUG ATM_Machine:233 - null Invalid cardjava.util.NoSuchElementException: No line found
2019-07-31 18:34:10 [main] INFO  ATM_Machine:136 - Card number Entered
2019-07-31 18:34:10 [main] DEBUG ATM_Machine:233 - null Invalid cardjava.util.NoSuchElementException: No line found
2019-07-31 18:34:10 [main] INFO  ATM_Machine:136 - Card number Entered
2019-07-31 18:34:10 [main] DEBUG ATM_Machine:233 - null Invalid cardjava.util.NoSuchElementException: No line found
2019-07-31 18:34:10 [main] INFO  ATM_Machine:136 - Card number Entered
2019-07-31 18:34:10 [main] DEBUG ATM_Machine:233 - null Invalid cardjava.util.NoSuchElementException: No line found
2019-07-31 18:34:10 [main] INFO  ATM_Machine:136 - Card number Entered
2019-07-31 18:34:10 [main] DEBUG ATM_Machine:233 - null Invalid cardjava.util.NoSuchElementException: No line found
2019-07-31 18:34:10 [main] INFO  ATM_Machine:136 - Card number Entered
2019-07-31 18:34:10 [main] DEBUG ATM_Machine:233 - null Invalid cardjava.util.NoSuchElementException: No line found
2019-07-31 20:29:22 [main] INFO  ATM_Machine:137 - Card number Entered
2019-07-31 20:29:31 [main] INFO  ATM_Machine:142 - User Entered Pin
2019-07-31 20:29:31 [main] DEBUG ATM_Machine:241 - null Invalid cardjava.sql.SQLException: ResultSet.next was not called
2019-07-31 20:29:31 [main] INFO  ATM_Machine:137 - Card number Entered
2019-07-31 20:30:59 [main] INFO  ATM_Machine:137 - Card number Entered
2019-07-31 20:31:05 [main] INFO  ATM_Machine:142 - User Entered Pin
2019-07-31 20:31:06 [main] DEBUG ATM_Machine:245 - null Invalid cardjava.sql.SQLException: ResultSet.next was not called
2019-07-31 20:31:06 [main] INFO  ATM_Machine:137 - Card number Entered
2019-07-31 20:32:37 [main] INFO  ATM_Machine:137 - Card number Entered
2019-07-31 20:32:45 [main] INFO  ATM_Machine:142 - User Entered Pin
2019-07-31 20:32:45 [main] DEBUG ATM_Machine:249 - null Invalid cardjava.sql.SQLException: ResultSet.next was not called
2019-07-31 20:32:45 [main] INFO  ATM_Machine:137 - Card number Entered
2019-07-31 20:35:16 [main] INFO  ATM_Machine:137 - Card number Entered
2019-07-31 20:35:23 [main] INFO  ATM_Machine:142 - User Entered Pin
2019-07-31 20:35:23 [main] DEBUG ATM_Machine:251 - null Invalid cardjava.sql.SQLException: ResultSet.next was not called
2019-07-31 20:35:23 [main] INFO  ATM_Machine:137 - Card number Entered
2019-07-31 20:37:03 [main] INFO  ATM_Machine:137 - Card number Entered
2019-07-31 20:37:11 [main] INFO  ATM_Machine:142 - User Entered Pin
2019-07-31 20:37:12 [main] DEBUG ATM_Machine:253 - null Invalid cardjava.sql.SQLSyntaxErrorException: ORA-00972: identifier is too long

2019-07-31 20:37:12 [main] INFO  ATM_Machine:137 - Card number Entered
2019-07-31 20:38:57 [main] INFO  ATM_Machine:137 - Card number Entered
2019-07-31 20:39:03 [main] INFO  ATM_Machine:142 - User Entered Pin
2019-07-31 20:39:05 [main] DEBUG ATM_Machine:253 - null Invalid cardjava.sql.SQLSyntaxErrorException: ORA-00972: identifier is too long

2019-07-31 20:39:05 [main] INFO  ATM_Machine:137 - Card number Entered
2019-07-31 20:54:37 [main] DEBUG ATM_Machine:241 - null Invalid cardjava.util.NoSuchElementException: No line found
2019-07-31 20:54:37 [main] INFO  ATM_Machine:137 - Card number Entered
2019-07-31 20:54:37 [main] DEBUG ATM_Machine:241 - null Invalid cardjava.util.NoSuchElementException: No line found
2019-07-31 20:54:37 [main] INFO  ATM_Machine:137 - Card number Entered
2019-07-31 20:54:37 [main] DEBUG ATM_Machine:241 - null Invalid cardjava.util.NoSuchElementException: No line found
2019-07-31 20:54:37 [main] DEBUG ATM_Machine:245 - null Invalid cardjava.util.NoSuchElementException: No line found
2019-07-31 20:54:37 [main] INFO  ATM_Machine:137 - Card number Entered
2019-07-31 20:54:37 [main] DEBUG ATM_Machine:245 - null Invalid cardjava.util.NoSuchElementException: No line found
2019-07-31 20:54:38 [main] DEBUG ATM_Machine:249 - null Invalid cardjava.util.NoSuchElementException: No line found
2019-07-31 20:54:38 [main] INFO  ATM_Machine:137 - Card number Entered
2019-07-31 20:54:38 [main] DEBUG ATM_Machine:249 - null Invalid cardjava.util.NoSuchElementException: No line found
2019-07-31 20:54:38 [main] DEBUG ATM_Machine:251 - null Invalid cardjava.util.NoSuchElementException: No line found
2019-07-31 20:54:38 [main] INFO  ATM_Machine:137 - Card number Entered
2019-07-31 20:54:38 [main] DEBUG ATM_Machine:251 - null Invalid cardjava.util.NoSuchElementException: No line found
2019-07-31 20:54:39 [main] DEBUG ATM_Machine:253 - null Invalid cardjava.util.NoSuchElementException: No line found
2019-07-31 20:54:39 [main] INFO  ATM_Machine:137 - Card number Entered
2019-07-31 20:54:39 [main] DEBUG ATM_Machine:253 - null Invalid cardjava.util.NoSuchElementException: No line found
2019-07-31 20:54:39 [main] INFO  ATM_Machine:137 - Card number Entered
2019-07-31 20:54:39 [main] DEBUG ATM_Machine:253 - null Invalid cardjava.util.NoSuchElementException: No line found
2019-07-31 20:54:39 [main] INFO  ATM_Machine:137 - Card number Entered
2019-07-31 20:54:39 [main] DEBUG ATM_Machine:253 - null Invalid cardjava.util.NoSuchElementException: No line found
2019-07-31 23:28:59 [main] INFO  ATM_Machine:137 - Card number Entered
2019-07-31 23:29:08 [main] INFO  ATM_Machine:142 - User Entered Pin
2019-07-31 23:29:09 [main] DEBUG ATM_Machine:253 - null Invalid cardjava.sql.SQLSyntaxErrorException: ORA-00972: identifier is too long

2019-07-31 23:29:09 [main] INFO  ATM_Machine:137 - Card number Entered
2019-07-31 23:31:22 [main] INFO  ATM_Machine:137 - Card number Entered
2019-07-31 23:31:28 [main] INFO  ATM_Machine:142 - User Entered Pin
2019-07-31 23:31:30 [main] DEBUG ATM_Machine:262 - null Invalid cardjava.sql.SQLSyntaxErrorException: ORA-00972: identifier is too long

2019-07-31 23:31:30 [main] INFO  ATM_Machine:137 - Card number Entered
2019-07-31 23:32:37 [main] INFO  ATM_Machine:137 - Card number Entered
2019-07-31 23:32:43 [main] INFO  ATM_Machine:142 - User Entered Pin
2019-07-31 23:32:45 [main] DEBUG ATM_Machine:262 - null Invalid cardjava.sql.SQLSyntaxErrorException: ORA-00972: identifier is too long

2019-07-31 23:32:45 [main] INFO  ATM_Machine:137 - Card number Entered
2019-07-31 23:34:32 [main] INFO  ATM_Machine:137 - Card number Entered
2019-07-31 23:34:37 [main] INFO  ATM_Machine:142 - User Entered Pin
2019-07-31 23:34:38 [main] DEBUG ATM_Machine:262 - null Invalid cardjava.sql.SQLSyntaxErrorException: ORA-00972: identifier is too long

2019-07-31 23:34:38 [main] INFO  ATM_Machine:137 - Card number Entered
2019-07-31 23:37:53 [main] INFO  ATM_Machine:137 - Card number Entered
2019-07-31 23:37:59 [main] INFO  ATM_Machine:142 - User Entered Pin
2019-07-31 23:38:02 [main] INFO  ATM_Machine:204 - 1212123456 Logged in
2019-07-31 23:39:21 [main] INFO  ATM_Machine:312 - 1212123456 logged out
2019-07-31 23:39:21 [main] INFO  ATM_Machine:137 - Card number Entered
2019-07-31 23:40:54 [main] INFO  ATM_Machine:137 - Card number Entered
2019-07-31 23:41:00 [main] INFO  ATM_Machine:142 - User Entered Pin
2019-07-31 23:41:03 [main] INFO  ATM_Machine:204 - 1212123456 Logged in
2019-07-31 23:41:10 [main] INFO  ATM_Machine:312 - 1212123456 logged out
2019-07-31 23:41:10 [main] INFO  ATM_Machine:137 - Card number Entered
2019-08-01 00:00:38 [main] INFO  ATM_Machine:142 - User Entered Pin
2019-08-01 00:00:43 [main] INFO  ATM_Machine:204 - 1234123456 Logged in
2019-08-01 00:00:51 [main] INFO  ATM_Machine:301 - 1234123456 selected Deposit
2019-08-01 00:00:57 [main] DEBUG Deposit:49 - User Completed Deposit Succesfully !!!
2019-08-01 00:03:33 [main] INFO  ATM_Machine:312 - 1234123456 logged out
2019-08-01 00:03:33 [main] INFO  ATM_Machine:137 - Card number Entered
2019-08-01 00:04:27 [main] INFO  ATM_Machine:142 - User Entered Pin
2019-08-01 00:04:29 [main] INFO  ATM_Machine:137 - Card number Entered
2019-08-01 00:04:49 [main] INFO  ATM_Machine:142 - User Entered Pin
2019-08-01 00:04:50 [main] DEBUG ATM_Machine:262 - null Invalid cardjava.sql.SQLException: Result set after last row
2019-08-01 00:04:50 [main] INFO  ATM_Machine:137 - Card number Entered
2019-08-01 00:13:53 [main] INFO  ATM_Machine:137 - Card number Entered
2019-08-01 00:15:14 [main] INFO  ATM_Machine:142 - User Entered Pin
2019-08-01 00:15:15 [main] INFO  ATM_Machine:137 - Card number Entered
2019-08-01 00:17:58 [main] INFO  ATM_Machine:142 - User Entered Pin
2019-08-01 00:17:59 [main] INFO  ATM_Machine:137 - Card number Entered
2019-08-01 00:18:35 [main] INFO  ATM_Machine:142 - User Entered Pin
2019-08-01 00:18:36 [main] INFO  ATM_Machine:137 - Card number Entered
2019-08-01 00:25:30 [main] INFO  ATM_Machine:142 - User Entered Pin
2019-08-01 00:25:31 [main] DEBUG ATM_Machine:262 - null Invalid cardjava.sql.SQLException: Result set after last row
2019-08-01 00:25:31 [main] INFO  ATM_Machine:137 - Card number Entered
2019-08-01 00:25:51 [main] INFO  ATM_Machine:142 - User Entered Pin
2019-08-01 00:25:52 [main] INFO  ATM_Machine:137 - Card number Entered
2019-08-01 00:26:16 [main] INFO  ATM_Machine:142 - User Entered Pin
2019-08-01 00:26:17 [main] INFO  ATM_Machine:137 - Card number Entered
2019-08-01 00:26:35 [main] INFO  ATM_Machine:142 - User Entered Pin
2019-08-01 00:26:36 [main] INFO  ATM_Machine:137 - Card number Entered
2019-08-01 00:44:10 [main] INFO  ATM_Machine:137 - Card number Entered
2019-08-01 00:45:45 [main] INFO  ATM_Machine:137 - Card number Entered
